[debug] [2017-08-25T18:38:48.702Z] ----------------------------------------------------------------------
[debug] [2017-08-25T18:38:48.704Z] Command:      /usr/local/Cellar/node/8.1.4/bin/node /usr/local/bin/firebase deploy
[debug] [2017-08-25T18:38:48.704Z] CLI Version:  3.9.1
[debug] [2017-08-25T18:38:48.704Z] Platform:     darwin
[debug] [2017-08-25T18:38:48.704Z] Node Version: v8.1.4
[debug] [2017-08-25T18:38:48.705Z] Time:         Fri Aug 25 2017 11:38:48 GMT-0700 (PDT)
[debug] [2017-08-25T18:38:48.705Z] ----------------------------------------------------------------------
[debug] 
[debug] [2017-08-25T18:38:48.724Z] > command requires scopes: ["email","openid","https://www.googleapis.com/auth/cloudplatformprojects.readonly","https://www.googleapis.com/auth/firebase","https://www.googleapis.com/auth/cloud-platform"]
[debug] [2017-08-25T18:38:48.725Z] > authorizing via signed-in user
[debug] [2017-08-25T18:38:48.727Z] >>> HTTP REQUEST GET https://admin.firebase.com/v1/projects/androidpayweb  
 Fri Aug 25 2017 11:38:48 GMT-0700 (PDT)
[debug] [2017-08-25T18:38:49.169Z] <<< HTTP RESPONSE 200
[debug] [2017-08-25T18:38:49.170Z] >>> HTTP REQUEST GET https://admin.firebase.com/v1/database/androidpayweb/tokens  
 Fri Aug 25 2017 11:38:49 GMT-0700 (PDT)
[debug] [2017-08-25T18:39:49.379Z] <<< HTTP RESPONSE 200
[info] 
[warn] ⚠  Your CLI authentication needs to be updated to take advantage of new features.
[warn] ⚠  Please run firebase login --reauth
[info] 
[debug] [2017-08-25T18:39:49.388Z] > command requires scopes: ["email","openid","https://www.googleapis.com/auth/cloudplatformprojects.readonly","https://www.googleapis.com/auth/firebase"]
[debug] [2017-08-25T18:39:49.389Z] > authorizing via signed-in user
[debug] [2017-08-25T18:39:49.389Z] > refreshing access token with scopes: ["email","https://www.googleapis.com/auth/cloudplatformprojects.readonly","https://www.googleapis.com/auth/firebase","openid"]
[debug] [2017-08-25T18:39:49.389Z] >>> HTTP REQUEST POST https://www.googleapis.com/oauth2/v3/token { refresh_token: '1/BJESvOZk_8yA4EswuM1B_Yz0hFllSa4lKVMY6R4B5ms',
  client_id: '563584335869-fgrhgmd47bqnekij5i8b5pr03ho849e6.apps.googleusercontent.com',
  client_secret: 'j9iVZfS8kkCEFUPaAeJV0sAi',
  grant_type: 'refresh_token',
  scope: 'email https://www.googleapis.com/auth/cloudplatformprojects.readonly https://www.googleapis.com/auth/firebase openid' } 
 Fri Aug 25 2017 11:39:49 GMT-0700 (PDT)
[debug] [2017-08-25T18:39:49.856Z] <<< HTTP RESPONSE 200
[debug] [2017-08-25T18:39:49.873Z] >>> HTTP REQUEST GET https://admin.firebase.com/v1/projects/androidpayweb  
 Fri Aug 25 2017 11:39:49 GMT-0700 (PDT)
[debug] [2017-08-25T18:39:50.072Z] <<< HTTP RESPONSE 200
[error] 
[error] Error: Server Error: Unexpected Response. Please try again
[debug] [2017-08-25T18:39:50.078Z] Error Context: {
  "status": 200,
  "response": {
    "statusCode": 200,
    "body": {
      "error": {
        "code": "SERVICE_UNAVAILABLE",
        "message": "This service is currently unavailable. Please try again in a few moments."
      }
    },
    "headers": {
      "server": "nginx",
      "date": "Fri, 25 Aug 2017 18:39:53 GMT",
      "content-type": "application/json",
      "content-length": "147",
      "last-modified": "Wed, 18 May 2016 18:52:39 GMT",
      "connection": "close",
      "etag": "\"573cb9f7-93\"",
      "access-control-allow-origin": "*",
      "access-control-allow-methods": "GET, PUT, POST, DELETE, OPTIONS",
      "access-control-allow-headers": "*",
      "strict-transport-security": "max-age=31536000; includeSubdomains",
      "cache-control": "no-cache, no-store",
      "accept-ranges": "bytes"
    },
    "request": {
      "uri": {
        "protocol": "https:",
        "slashes": true,
        "auth": null,
        "host": "admin.firebase.com",
        "port": 443,
        "hostname": "admin.firebase.com",
        "hash": null,
        "search": null,
        "query": null,
        "pathname": "/v1/projects/androidpayweb",
        "path": "/v1/projects/androidpayweb",
        "href": "https://admin.firebase.com/v1/projects/androidpayweb"
      },
      "method": "GET",
      "headers": {
        "User-Agent": "FirebaseCLI/3.9.1",
        "authorization": "Bearer ya29.GmWyBMIELZIH1ckbHkCy3oypBc1EDeOzyEU3JY7lIp--4McxXRBZKQCJ1DlVveFxOFBiXOb5u0LkX18oICsxxDF0epIImIUqVPo7IGnljFlIHWym9T2NyO6J9cak_XhkGxFmDCJ4Yw",
        "accept": "application/json"
      }
    }
  },
  "body": {
    "error": {
      "code": "SERVICE_UNAVAILABLE",
      "message": "This service is currently unavailable. Please try again in a few moments."
    }
  }
}
[debug] [2017-08-25T18:40:52.960Z] ----------------------------------------------------------------------
[debug] [2017-08-25T18:40:52.962Z] Command:      /usr/local/Cellar/node/8.1.4/bin/node /usr/local/bin/firebase deploy
[debug] [2017-08-25T18:40:52.962Z] CLI Version:  3.9.1
[debug] [2017-08-25T18:40:52.962Z] Platform:     darwin
[debug] [2017-08-25T18:40:52.962Z] Node Version: v8.1.4
[debug] [2017-08-25T18:40:52.963Z] Time:         Fri Aug 25 2017 11:40:52 GMT-0700 (PDT)
[debug] [2017-08-25T18:40:52.963Z] ----------------------------------------------------------------------
[debug] 
[debug] [2017-08-25T18:40:52.979Z] > command requires scopes: ["email","openid","https://www.googleapis.com/auth/cloudplatformprojects.readonly","https://www.googleapis.com/auth/firebase","https://www.googleapis.com/auth/cloud-platform"]
[debug] [2017-08-25T18:40:52.981Z] > authorizing via signed-in user
[debug] [2017-08-25T18:40:52.984Z] >>> HTTP REQUEST GET https://admin.firebase.com/v1/projects/androidpayweb  
 Fri Aug 25 2017 11:40:52 GMT-0700 (PDT)
[debug] [2017-08-25T18:40:53.899Z] <<< HTTP RESPONSE 200
[debug] [2017-08-25T18:40:53.900Z] >>> HTTP REQUEST GET https://admin.firebase.com/v1/database/androidpayweb/tokens  
 Fri Aug 25 2017 11:40:53 GMT-0700 (PDT)
[debug] [2017-08-25T18:41:54.106Z] <<< HTTP RESPONSE 200
[info] 
[warn] ⚠  Your CLI authentication needs to be updated to take advantage of new features.
[warn] ⚠  Please run firebase login --reauth
[info] 
[debug] [2017-08-25T18:41:54.115Z] > command requires scopes: ["email","openid","https://www.googleapis.com/auth/cloudplatformprojects.readonly","https://www.googleapis.com/auth/firebase"]
[debug] [2017-08-25T18:41:54.117Z] > authorizing via signed-in user
[debug] [2017-08-25T18:41:54.117Z] > refreshing access token with scopes: ["email","https://www.googleapis.com/auth/cloudplatformprojects.readonly","https://www.googleapis.com/auth/firebase","openid"]
[debug] [2017-08-25T18:41:54.117Z] >>> HTTP REQUEST POST https://www.googleapis.com/oauth2/v3/token { refresh_token: '1/CwZqu-F8GYl4FPRDd98ye5hEBXNc2NXS37PAPGkHiyO1VqMy9Ba1gMufrMq4GFmW',
  client_id: '563584335869-fgrhgmd47bqnekij5i8b5pr03ho849e6.apps.googleusercontent.com',
  client_secret: 'j9iVZfS8kkCEFUPaAeJV0sAi',
  grant_type: 'refresh_token',
  scope: 'email https://www.googleapis.com/auth/cloudplatformprojects.readonly https://www.googleapis.com/auth/firebase openid' } 
 Fri Aug 25 2017 11:41:54 GMT-0700 (PDT)
[debug] [2017-08-25T18:41:54.555Z] <<< HTTP RESPONSE 200
[debug] [2017-08-25T18:41:54.571Z] >>> HTTP REQUEST GET https://admin.firebase.com/v1/projects/androidpayweb  
 Fri Aug 25 2017 11:41:54 GMT-0700 (PDT)
[debug] [2017-08-25T18:41:54.896Z] <<< HTTP RESPONSE 200
[debug] [2017-08-25T18:41:54.896Z] >>> HTTP REQUEST GET https://admin.firebase.com/v1/database/androidpayweb/tokens  
 Fri Aug 25 2017 11:41:54 GMT-0700 (PDT)
