[debug] ----------------------------------------------------------------------
[debug] Command:      /usr/local/bin/node /usr/local/bin/firebase deploy
[debug] CLI Version:  3.2.2
[debug] Platform:     darwin
[debug] Node Version: v4.4.3
[debug] Time:         Fri Aug 25 2017 15:49:15 GMT-0700 (PDT)
[debug] ----------------------------------------------------------------------
[debug] 
[debug] > command requires scopes: ["email","openid","https://www.googleapis.com/auth/cloudplatformprojects.readonly","https://www.googleapis.com/auth/firebase"]
[debug] >>> HTTP REQUEST GET https://admin.firebase.com/v1/projects/androidpayweb  
 Fri Aug 25 2017 15:49:15 GMT-0700 (PDT)
[debug] <<< HTTP RESPONSE 500
[debug] <<< HTTP RESPONSE BODY
[error] 
[error] Error: HTTP Error: 500, An unknown error occurred. Please contact support.
[debug] Error Context: {
  "body": {
    "error": {
      "code": "UNKNOWN_ERROR",
      "message": "An unknown error occurred. Please contact support."
    }
  },
  "response": {
    "statusCode": 500,
    "body": {
      "error": {
        "code": "UNKNOWN_ERROR",
        "message": "An unknown error occurred. Please contact support."
      }
    },
    "headers": {
      "server": "nginx",
      "date": "Fri, 25 Aug 2017 22:49:36 GMT",
      "content-type": "application/json; charset=utf-8",
      "content-length": "97",
      "connection": "close",
      "x-content-type-options": "nosniff"
    },
    "request": {
      "uri": {
        "protocol": "https:",
        "slashes": true,
        "auth": null,
        "host": "admin.firebase.com",
        "port": 443,
        "hostname": "admin.firebase.com",
        "hash": null,
        "search": null,
        "query": null,
        "pathname": "/v1/projects/androidpayweb",
        "path": "/v1/projects/androidpayweb",
        "href": "https://admin.firebase.com/v1/projects/androidpayweb"
      },
      "method": "GET"
    }
  }
}
[debug] ----------------------------------------------------------------------
[debug] Command:      /usr/local/bin/node /usr/local/bin/firebase deploy
[debug] CLI Version:  3.2.2
[debug] Platform:     darwin
[debug] Node Version: v4.4.3
[debug] Time:         Fri Aug 25 2017 15:51:35 GMT-0700 (PDT)
[debug] ----------------------------------------------------------------------
[debug] 
[debug] > command requires scopes: ["email","openid","https://www.googleapis.com/auth/cloudplatformprojects.readonly","https://www.googleapis.com/auth/firebase"]
[debug] >>> HTTP REQUEST GET https://admin.firebase.com/v1/projects/androidpayweb  
 Fri Aug 25 2017 15:51:35 GMT-0700 (PDT)
[debug] <<< HTTP RESPONSE 200
[debug] >>> HTTP REQUEST GET https://admin.firebase.com/v1/database/androidpayweb/tokens  
 Fri Aug 25 2017 15:51:35 GMT-0700 (PDT)
[debug] <<< HTTP RESPONSE 200
[debug] Error: Firebase.authWithCustomToken failed: First argument must be a valid credential (a string).
    at Error (native)
    at ng (/usr/local/lib/node_modules/firebase-tools/node_modules/firebase/lib/firebase-node.js:129:313)
    at X.gg (/usr/local/lib/node_modules/firebase-tools/node_modules/firebase/lib/firebase-node.js:266:131)
    at /usr/local/lib/node_modules/firebase-tools/lib/acquireRefs.js:14:19
    at initializePromise (/usr/local/lib/node_modules/firebase-tools/node_modules/rsvp/dist/rsvp.js:588:5)
    at new Promise (/usr/local/lib/node_modules/firebase-tools/node_modules/rsvp/dist/rsvp.js:1076:31)
    at /usr/local/lib/node_modules/firebase-tools/lib/acquireRefs.js:12:12
    at tryCatch (/usr/local/lib/node_modules/firebase-tools/node_modules/rsvp/dist/rsvp.js:538:12)
    at invokeCallback (/usr/local/lib/node_modules/firebase-tools/node_modules/rsvp/dist/rsvp.js:553:13)
    at publish (/usr/local/lib/node_modules/firebase-tools/node_modules/rsvp/dist/rsvp.js:521:7)
[error] 
[error] Error: An unexpected error has occurred.
